D:\WIP\OF_V0.8.0_VS_RELEASE\APPS\MYAPPS\IR-LED-VIDEO-TRACKING\OBJ\DEBUG\OFXTCPCLIENT.OBJ
D:\WIP\OF_V0.8.0_VS_RELEASE\APPS\MYAPPS\IR-LED-VIDEO-TRACKING\OBJ\DEBUG\OFXTCPMANAGER.OBJ
D:\WIP\OF_V0.8.0_VS_RELEASE\APPS\MYAPPS\IR-LED-VIDEO-TRACKING\OBJ\DEBUG\OFXTCPSERVER.OBJ
D:\WIP\OF_V0.8.0_VS_RELEASE\APPS\MYAPPS\IR-LED-VIDEO-TRACKING\OBJ\DEBUG\OFXUDPMANAGER.OBJ
D:\WIP\OF_V0.8.0_VS_RELEASE\APPS\MYAPPS\IR-LED-VIDEO-TRACKING\OBJ\DEBUG\OFXCVCOLORIMAGE.OBJ
D:\WIP\OF_V0.8.0_VS_RELEASE\APPS\MYAPPS\IR-LED-VIDEO-TRACKING\OBJ\DEBUG\OFXCVCONTOURFINDER.OBJ
D:\WIP\OF_V0.8.0_VS_RELEASE\APPS\MYAPPS\IR-LED-VIDEO-TRACKING\OBJ\DEBUG\OFXCVFLOATIMAGE.OBJ
D:\WIP\OF_V0.8.0_VS_RELEASE\APPS\MYAPPS\IR-LED-VIDEO-TRACKING\OBJ\DEBUG\OFXCVGRAYSCALEIMAGE.OBJ
D:\WIP\OF_V0.8.0_VS_RELEASE\APPS\MYAPPS\IR-LED-VIDEO-TRACKING\OBJ\DEBUG\OFXCVHAARFINDER.OBJ
D:\WIP\OF_V0.8.0_VS_RELEASE\APPS\MYAPPS\IR-LED-VIDEO-TRACKING\OBJ\DEBUG\OFXCVIMAGE.OBJ
D:\WIP\OF_V0.8.0_VS_RELEASE\APPS\MYAPPS\IR-LED-VIDEO-TRACKING\OBJ\DEBUG\OFXCVSHORTIMAGE.OBJ
D:\WIP\OF_V0.8.0_VS_RELEASE\APPS\MYAPPS\IR-LED-VIDEO-TRACKING\OBJ\DEBUG\VC110.PDB
D:\WIP\of_v0.8.0_vs_release\apps\myApps\IR-LED-Video-Tracking\obj\Debug\IR_LED_Tracking.vcxprojResolveAssemblyReference.cache
D:\WIP\of_v0.8.0_vs_release\apps\myApps\IR-LED-Video-Tracking\obj\Debug\ofxCvColorImage.obj
D:\WIP\of_v0.8.0_vs_release\apps\myApps\IR-LED-Video-Tracking\obj\Debug\ofxCvContourFinder.obj
D:\WIP\of_v0.8.0_vs_release\apps\myApps\IR-LED-Video-Tracking\obj\Debug\ofxCvFloatImage.obj
D:\WIP\of_v0.8.0_vs_release\apps\myApps\IR-LED-Video-Tracking\obj\Debug\ofxCvGrayscaleImage.obj
D:\WIP\of_v0.8.0_vs_release\apps\myApps\IR-LED-Video-Tracking\obj\Debug\ofxCvHaarFinder.obj
D:\WIP\of_v0.8.0_vs_release\apps\myApps\IR-LED-Video-Tracking\obj\Debug\ofxCvImage.obj
D:\WIP\of_v0.8.0_vs_release\apps\myApps\IR-LED-Video-Tracking\obj\Debug\ofxCvShortImage.obj
D:\WIP\of_v0.8.0_vs_release\apps\myApps\IR-LED-Video-Tracking\obj\Debug\ofxTCPClient.obj
D:\WIP\of_v0.8.0_vs_release\apps\myApps\IR-LED-Video-Tracking\obj\Debug\ofxTCPManager.obj
D:\WIP\of_v0.8.0_vs_release\apps\myApps\IR-LED-Video-Tracking\obj\Debug\ofxTCPServer.obj
D:\WIP\of_v0.8.0_vs_release\apps\myApps\IR-LED-Video-Tracking\obj\Debug\ofxUDPManager.obj
D:\WIP\of_v0.8.0_vs_release\apps\myApps\IR-LED-Video-Tracking\obj\Debug\cl.command.1.tlog
D:\WIP\of_v0.8.0_vs_release\apps\myApps\IR-LED-Video-Tracking\obj\Debug\CL.read.1.tlog
D:\WIP\of_v0.8.0_vs_release\apps\myApps\IR-LED-Video-Tracking\obj\Debug\CL.write.1.tlog
D:\WIP\of_v0.8.0_vs_release\apps\myApps\IR-LED-Video-Tracking\obj\Debug\vc110.idb
D:\WIP\of_v0.8.0_vs_release\apps\myApps\IR-LED-Video-Tracking\obj\Debug\vc110.pdb
