D:\WIP\OF_V0.8.0_VS_RELEASE\APPS\MYAPPS\IR-LED-VIDEO-TRACKING\OBJ\RELEASE\OFXCVSHORTIMAGE.OBJ
D:\WIP\OF_V0.8.0_VS_RELEASE\APPS\MYAPPS\IR-LED-VIDEO-TRACKING\OBJ\RELEASE\OFXCVIMAGE.OBJ
D:\WIP\OF_V0.8.0_VS_RELEASE\APPS\MYAPPS\IR-LED-VIDEO-TRACKING\OBJ\RELEASE\OFXCVHAARFINDER.OBJ
D:\WIP\OF_V0.8.0_VS_RELEASE\APPS\MYAPPS\IR-LED-VIDEO-TRACKING\OBJ\RELEASE\OFXCVGRAYSCALEIMAGE.OBJ
D:\WIP\OF_V0.8.0_VS_RELEASE\APPS\MYAPPS\IR-LED-VIDEO-TRACKING\OBJ\RELEASE\OFXCVFLOATIMAGE.OBJ
D:\WIP\OF_V0.8.0_VS_RELEASE\APPS\MYAPPS\IR-LED-VIDEO-TRACKING\OBJ\RELEASE\OFXCVCONTOURFINDER.OBJ
D:\WIP\OF_V0.8.0_VS_RELEASE\APPS\MYAPPS\IR-LED-VIDEO-TRACKING\OBJ\RELEASE\OFXCVCOLORIMAGE.OBJ
D:\WIP\OF_V0.8.0_VS_RELEASE\APPS\MYAPPS\IR-LED-VIDEO-TRACKING\OBJ\RELEASE\TESTAPP.OBJ
D:\WIP\OF_V0.8.0_VS_RELEASE\APPS\MYAPPS\IR-LED-VIDEO-TRACKING\OBJ\RELEASE\MAIN.OBJ
D:\WIP\OF_V0.8.0_VS_RELEASE\APPS\MYAPPS\IR-LED-VIDEO-TRACKING\OBJ\RELEASE\OFXUDPMANAGER.OBJ
D:\WIP\OF_V0.8.0_VS_RELEASE\APPS\MYAPPS\IR-LED-VIDEO-TRACKING\OBJ\RELEASE\OFXTCPSERVER.OBJ
D:\WIP\OF_V0.8.0_VS_RELEASE\APPS\MYAPPS\IR-LED-VIDEO-TRACKING\OBJ\RELEASE\OFXTCPMANAGER.OBJ
D:\WIP\OF_V0.8.0_VS_RELEASE\APPS\MYAPPS\IR-LED-VIDEO-TRACKING\OBJ\RELEASE\OFXTCPCLIENT.OBJ
D:\WIP\OF_V0.8.0_VS_RELEASE\APPS\MYAPPS\IR-LED-VIDEO-TRACKING\OBJ\RELEASE\VC110.PDB
D:\WIP\of_v0.8.0_vs_release\apps\myApps\IR-LED-Video-Tracking\bin\IR_LED_Tracking.lib
D:\WIP\of_v0.8.0_vs_release\apps\myApps\IR-LED-Video-Tracking\bin\IR_LED_Tracking.exp
D:\WIP\OF_V0.8.0_VS_RELEASE\APPS\MYAPPS\IR-LED-VIDEO-TRACKING\BIN\IR_LED_TRACKING.EXE
D:\WIP\OF_V0.8.0_VS_RELEASE\APPS\MYAPPS\IR-LED-VIDEO-TRACKING\OBJ\RELEASE\ICON.RES
D:\WIP\of_v0.8.0_vs_release\apps\myApps\IR-LED-Video-Tracking\obj\Release\main.obj
D:\WIP\of_v0.8.0_vs_release\apps\myApps\IR-LED-Video-Tracking\obj\Release\ofxCvColorImage.obj
D:\WIP\of_v0.8.0_vs_release\apps\myApps\IR-LED-Video-Tracking\obj\Release\ofxCvContourFinder.obj
D:\WIP\of_v0.8.0_vs_release\apps\myApps\IR-LED-Video-Tracking\obj\Release\ofxCvFloatImage.obj
D:\WIP\of_v0.8.0_vs_release\apps\myApps\IR-LED-Video-Tracking\obj\Release\ofxCvGrayscaleImage.obj
D:\WIP\of_v0.8.0_vs_release\apps\myApps\IR-LED-Video-Tracking\obj\Release\ofxCvHaarFinder.obj
D:\WIP\of_v0.8.0_vs_release\apps\myApps\IR-LED-Video-Tracking\obj\Release\ofxCvImage.obj
D:\WIP\of_v0.8.0_vs_release\apps\myApps\IR-LED-Video-Tracking\obj\Release\ofxCvShortImage.obj
D:\WIP\of_v0.8.0_vs_release\apps\myApps\IR-LED-Video-Tracking\obj\Release\ofxTCPClient.obj
D:\WIP\of_v0.8.0_vs_release\apps\myApps\IR-LED-Video-Tracking\obj\Release\ofxTCPManager.obj
D:\WIP\of_v0.8.0_vs_release\apps\myApps\IR-LED-Video-Tracking\obj\Release\ofxTCPServer.obj
D:\WIP\of_v0.8.0_vs_release\apps\myApps\IR-LED-Video-Tracking\obj\Release\ofxUDPManager.obj
D:\WIP\of_v0.8.0_vs_release\apps\myApps\IR-LED-Video-Tracking\obj\Release\testApp.obj
D:\WIP\of_v0.8.0_vs_release\apps\myApps\IR-LED-Video-Tracking\obj\Release\cl.command.1.tlog
D:\WIP\of_v0.8.0_vs_release\apps\myApps\IR-LED-Video-Tracking\obj\Release\CL.read.1.tlog
D:\WIP\of_v0.8.0_vs_release\apps\myApps\IR-LED-Video-Tracking\obj\Release\CL.write.1.tlog
D:\WIP\of_v0.8.0_vs_release\apps\myApps\IR-LED-Video-Tracking\obj\Release\IR_LED_Tracking.write.1.tlog
D:\WIP\of_v0.8.0_vs_release\apps\myApps\IR-LED-Video-Tracking\obj\Release\link-cvtres.read.1.tlog
D:\WIP\of_v0.8.0_vs_release\apps\myApps\IR-LED-Video-Tracking\obj\Release\link-cvtres.write.1.tlog
D:\WIP\of_v0.8.0_vs_release\apps\myApps\IR-LED-Video-Tracking\obj\Release\link-rc.read.1.tlog
D:\WIP\of_v0.8.0_vs_release\apps\myApps\IR-LED-Video-Tracking\obj\Release\link-rc.write.1.tlog
D:\WIP\of_v0.8.0_vs_release\apps\myApps\IR-LED-Video-Tracking\obj\Release\link.command.1.tlog
D:\WIP\of_v0.8.0_vs_release\apps\myApps\IR-LED-Video-Tracking\obj\Release\link.read.1.tlog
D:\WIP\of_v0.8.0_vs_release\apps\myApps\IR-LED-Video-Tracking\obj\Release\link.write.1.tlog
D:\WIP\of_v0.8.0_vs_release\apps\myApps\IR-LED-Video-Tracking\obj\Release\rc.command.1.tlog
D:\WIP\of_v0.8.0_vs_release\apps\myApps\IR-LED-Video-Tracking\obj\Release\rc.read.1.tlog
D:\WIP\of_v0.8.0_vs_release\apps\myApps\IR-LED-Video-Tracking\obj\Release\rc.write.1.tlog
D:\WIP\of_v0.8.0_vs_release\apps\myApps\IR-LED-Video-Tracking\obj\Release\icon.res
D:\WIP\of_v0.8.0_vs_release\apps\myApps\IR-LED-Video-Tracking\obj\Release\vc110.pdb
D:\WIP\of_v0.8.0_vs_release\apps\myApps\IR-LED-Video-Tracking\bin\IR_LED_Tracking.exe
